<?xml version="1.0" encoding="UTF-8"?>
<!-- Generated by org.testng.reporters.JUnitReportReporter -->
<testsuite hostname="DESKTOP-VQ20SMP" name="com.TestCases.LoginTest_ExcelData" tests="3" failures="0" timestamp="27 Jul 2018 05:16:47 GMT" time="21.216" errors="0">
  <testcase name="TestLoginWithExcelData" time="6.873" classname="com.TestCases.LoginTest_ExcelData"/>
  <testcase name="TestLoginWithExcelData" time="7.319" classname="com.TestCases.LoginTest_ExcelData"/>
  <testcase name="TestLoginWithExcelData" time="7.024" classname="com.TestCases.LoginTest_ExcelData"/>
</testsuite> <!-- com.TestCases.LoginTest_ExcelData -->
