<?xml version="1.0" encoding="UTF-8"?>
<!-- Generated by org.testng.reporters.JUnitReportReporter -->
<testsuite hostname="DESKTOP-VQ20SMP" name="com.TestCases.LeaveFormTest_ServicesWar" tests="2" failures="0" timestamp="30 Jul 2018 13:03:42 GMT" time="107.881" errors="0">
  <testcase name="TestLeaveFlow" time="53.419" classname="com.TestCases.LeaveFormTest_ServicesWar"/>
  <testcase name="TestLeaveFlow" time="54.462" classname="com.TestCases.LeaveFormTest_ServicesWar"/>
</testsuite> <!-- com.TestCases.LeaveFormTest_ServicesWar -->
